Arguments: 
  C:\Program Files\nodejs\node.exe C:\Users\Pranav\AppData\Roaming\npm\node_modules\yarn\bin\yarn.js install

PATH: 
  C:\Python27\;C:\Python27\Scripts;C:\Program Files (x86)\Common Files\Oracle\Java\javapath;C:\Python37\Scripts\;C:\Python37\;C:\ProgramData\Boxstarter;C:\ProgramData\Oracle\Java\javapath;C:\Windows\system32;C:\Windows;C:\Windows\System32\Wbem;C:\Windows\System32\WindowsPowerShell\v1.0\;C:\Program Files (x86)\NVIDIA Corporation\PhysX\Common;C:\WINDOWS\system32;C:\WINDOWS;C:\WINDOWS\System32\Wbem;C:\WINDOWS\System32\WindowsPowerShell\v1.0\;C:\Program Files\MATLAB\R2017a\runtime\win64;C:\Program Files\MATLAB\R2017a\bin;C:\Android;C:\WINDOWS\System32\OpenSSH\;C:\Program Files (x86)\GtkSharp\2.12\bin;C:\Users\Pranav\AppData\Local\Programs\Python\Python36\Scripts\;C:\Users\Pranav\;C:\Program Files\Git\bin;C:\ProgramData\chocolatey\bin;C:\Program Files\NVIDIA Corporation\NVIDIA NvDLISR;C:\MinGW\bin;C:\Program Files\PuTTY\;C:\WINDOWS\system32;C:\WINDOWS;C:\WINDOWS\System32\Wbem;C:\WINDOWS\System32\WindowsPowerShell\v1.0\;C:\WINDOWS\System32\OpenSSH\;C:\Program Files\nodejs\;C:\Program Files\Intel\WiFi\bin\;C:\Program Files\Common Files\Intel\WirelessCommon\;C:\Program Files (x86)\Intel\Intel(R) Management Engine Components\DAL;C:\Program Files\Intel\Intel(R) Management Engine Components\DAL;C:\Users\Pranav\Anaconda3_2;C:\Users\Pranav\Anaconda3_2\Library\mingw-w64\bin;C:\Users\Pranav\Anaconda3_2\Library\usr\bin;C:\Users\Pranav\Anaconda3_2\Library\bin;C:\Users\Pranav\Anaconda3_2\Scripts;C:\Users\Pranav\AppData\Local\Programs\Python\Python36\Scripts\;C:\Users\Pranav\AppData\Local\Programs\Python\Python36\;C:\Program Files\Java\jdk-9\bin;C:\Users\Pranav\AppData\Local\Programs\Microsoft VS Code\bin;C:\Users\Pranav\AppData\Local\Microsoft\WindowsApps;C:\Users\Pranav\AppData\Roaming\npm;C:\Users\Pranav\AppData\Local\Google\Cloud SDK\google-cloud-sdk\bin;C:\Program Files\Intel\WiFi\bin\;C:\Program Files\Common Files\Intel\WirelessCommon\;C:\Program Files\heroku\bin

Yarn version: 
  1.21.1

Node version: 
  13.1.0

Platform: 
  win32 x64

Trace: 
  Error: getaddrinfo ENOTFOUND registry.yarnpkg.com
      at GetAddrInfoReqWrap.onlookup [as oncomplete] (dns.js:60:26)

npm manifest: 
  {
    "name": "chirper",
    "version": "0.1.0",
    "private": true,
    "dependencies": {
      "react": "^16.2.0",
      "react-dom": "^16.2.0",
      "react-icons": "^3.10.0",
      "react-redux": "^5.0.7",
      "react-redux-loading": "^4.6.1",
      "react-router-dom": "^5.2.0",
      "react-scripts": "1.1.1",
      "redux": "^3.7.2",
      "redux-thunk": "^2.2.0"
    },
    "scripts": {
      "start": "react-scripts start",
      "build": "react-scripts build",
      "test": "react-scripts test --env=jsdom",
      "eject": "react-scripts eject"
    }
  }

yarn manifest: 
  No manifest

Lockfile: 
  No lockfile
